<?xml version="1.0" encoding="UTF-8"?>
<!-- Generated by org.testng.reporters.JUnitReportReporter -->
<testsuite skipped="0" hostname="Aspire-PC" name="org.qsp.testngDemo.TestngDemo" tests="1" failures="0" timestamp="2020-10-15T22:21:56 IST" time="33.670" errors="0">
  <testcase name="M1" time="33.670" classname="org.qsp.testngDemo.TestngDemo"/>
  <system-out/>
</testsuite> <!-- org.qsp.testngDemo.TestngDemo -->
