<?xml version="1.0" encoding="UTF-8"?>
<!-- Generated by org.testng.reporters.JUnitReportReporter -->
<testsuite skipped="0" hostname="Aspire-PC" name="org.qsp.testngDemo.Priority_testng" tests="3" failures="0" timestamp="2020-10-16T20:18:42 IST" time="0.021" errors="0">
  <testcase name="Test3" time="0.015" classname="org.qsp.testngDemo.Priority_testng"/>
  <system-out/>
  <testcase name="Test1" time="0.002" classname="org.qsp.testngDemo.Priority_testng"/>
  <system-out/>
  <testcase name="Test2" time="0.004" classname="org.qsp.testngDemo.Priority_testng"/>
  <system-out/>
</testsuite> <!-- org.qsp.testngDemo.Priority_testng -->
