<?xml version="1.0" encoding="UTF-8"?>
<!-- Generated by org.testng.reporters.JUnitReportReporter -->
<testsuite skipped="0" hostname="Aspire-PC" name="org.qsp.testngDemo.BluestoneAM_BM" tests="2" failures="0" timestamp="2020-10-17T14:27:48 IST" time="31.310" errors="0">
  <testcase name="Plan" time="16.720" classname="org.qsp.testngDemo.BluestoneAM_BM"/>
  <system-out/>
  <testcase name="Locate" time="14.590" classname="org.qsp.testngDemo.BluestoneAM_BM"/>
  <system-out/>
</testsuite> <!-- org.qsp.testngDemo.BluestoneAM_BM -->
