<?xml version="1.0" encoding="UTF-8"?>
<!-- Generated by org.testng.reporters.JUnitReportReporter -->
<testsuite skipped="0" hostname="Aspire-PC" name="org.qsp.testngDemo.ReadFlipkart" tests="3" failures="0" timestamp="2020-10-17T23:17:53 IST" time="71.221" errors="0">
  <testcase name="m1" time="27.083" classname="org.qsp.testngDemo.ReadFlipkart"/>
  <system-out/>
  <testcase name="m1" time="23.612" classname="org.qsp.testngDemo.ReadFlipkart"/>
  <system-out/>
  <testcase name="m1" time="20.526" classname="org.qsp.testngDemo.ReadFlipkart"/>
  <system-out/>
</testsuite> <!-- org.qsp.testngDemo.ReadFlipkart -->
