<?xml version="1.0" encoding="UTF-8"?>
<!-- Generated by org.testng.reporters.JUnitReportReporter -->
<testsuite skipped="0" hostname="Aspire-PC" name="org.qsp.testngDemo.Testng_BM_AM" tests="2" failures="0" timestamp="2020-10-16T19:28:45 IST" time="74.857" errors="0">
  <testcase name="TC_02" time="22.966" classname="org.qsp.testngDemo.Testng_BM_AM"/>
  <system-out/>
  <testcase name="TC_01" time="51.891" classname="org.qsp.testngDemo.Testng_BM_AM"/>
  <system-out/>
</testsuite> <!-- org.qsp.testngDemo.Testng_BM_AM -->
