<?xml version="1.0" encoding="UTF-8"?>
<!-- Generated by org.testng.reporters.JUnitReportReporter -->
<testsuite skipped="0" hostname="Aspire-PC" name="org.qsp.testngDemo.Annotation_testng" tests="2" failures="0" timestamp="2020-10-16T19:49:12 IST" time="0.022" errors="0">
  <testcase name="TestC1" time="0.018" classname="org.qsp.testngDemo.Annotation_testng"/>
  <system-out/>
  <testcase name="TestC2" time="0.004" classname="org.qsp.testngDemo.Annotation_testng"/>
  <system-out/>
</testsuite> <!-- org.qsp.testngDemo.Annotation_testng -->
