<?xml version="1.0" encoding="UTF-8"?>
<!-- Generated by org.testng.reporters.JUnitReportReporter -->
<testsuite skipped="0" hostname="Aspire-PC" name="org.qsp.testngDemo.Bluestone2Am_Bm" tests="2" failures="0" timestamp="2020-10-17T18:41:34 IST" time="74.874" errors="0">
  <testcase name="Login" time="27.146" classname="org.qsp.testngDemo.Bluestone2Am_Bm"/>
  <system-out/>
  <testcase name="TryAtHome" time="47.728" classname="org.qsp.testngDemo.Bluestone2Am_Bm"/>
  <system-out/>
</testsuite> <!-- org.qsp.testngDemo.Bluestone2Am_Bm -->
