<?xml version="1.0" encoding="UTF-8"?>
<!-- Generated by org.testng.reporters.JUnitReportReporter -->
<testsuite skipped="0" hostname="Aspire-PC" name="org.qsp.testngDemo.BluestoneTestng1" tests="1" failures="0" timestamp="2020-10-16T14:39:51 IST" time="23.978" errors="0">
  <testcase name="Bluestone_Rings" time="23.978" classname="org.qsp.testngDemo.BluestoneTestng1"/>
  <system-out/>
</testsuite> <!-- org.qsp.testngDemo.BluestoneTestng1 -->
