<?xml version="1.0" encoding="UTF-8"?>
<!-- Generated by org.testng.reporters.JUnitReportReporter -->
<testsuite skipped="0" hostname="Aspire-PC" name="org.qsp.testngDemo.Invocation_testng" tests="5" failures="0" timestamp="2020-10-16T20:01:19 IST" time="0.029" errors="0">
  <testcase name="Test1" time="0.015" classname="org.qsp.testngDemo.Invocation_testng"/>
  <system-out/>
  <testcase name="Test1" time="0.002" classname="org.qsp.testngDemo.Invocation_testng"/>
  <system-out/>
  <testcase name="Test1" time="0.002" classname="org.qsp.testngDemo.Invocation_testng"/>
  <system-out/>
  <testcase name="Test1" time="0.008" classname="org.qsp.testngDemo.Invocation_testng"/>
  <system-out/>
  <testcase name="Test1" time="0.002" classname="org.qsp.testngDemo.Invocation_testng"/>
  <system-out/>
</testsuite> <!-- org.qsp.testngDemo.Invocation_testng -->
