<?xml version="1.0" encoding="UTF-8"?>
<!-- Generated by org.testng.reporters.JUnitReportReporter -->
<testsuite skipped="0" hostname="Aspire-PC" name="org.qsp.testngDemo.GroupsTestng" tests="5" failures="0" timestamp="2020-10-17T19:09:08 IST" time="0.046" errors="0">
  <testcase name="TC_03" time="0.030" classname="org.qsp.testngDemo.GroupsTestng"/>
  <system-out/>
  <testcase name="TC_05" time="0.004" classname="org.qsp.testngDemo.GroupsTestng"/>
  <system-out/>
  <testcase name="TC_04" time="0.004" classname="org.qsp.testngDemo.GroupsTestng"/>
  <system-out/>
  <testcase name="TC_02" time="0.004" classname="org.qsp.testngDemo.GroupsTestng"/>
  <system-out/>
  <testcase name="TC_01" time="0.004" classname="org.qsp.testngDemo.GroupsTestng"/>
  <system-out/>
</testsuite> <!-- org.qsp.testngDemo.GroupsTestng -->
