<?xml version="1.0" encoding="UTF-8"?>
<!-- Generated by org.testng.reporters.JUnitReportReporter -->
<testsuite skipped="0" hostname="Aspire-PC" name="org.qsp.testngDemo.Dataprovider_test" tests="3" failures="0" timestamp="2020-10-17T20:15:53 IST" time="0.027" errors="0">
  <testcase name="F1" time="0.019" classname="org.qsp.testngDemo.Dataprovider_test"/>
  <system-out/>
  <testcase name="F1" time="0.005" classname="org.qsp.testngDemo.Dataprovider_test"/>
  <system-out/>
  <testcase name="F1" time="0.003" classname="org.qsp.testngDemo.Dataprovider_test"/>
  <system-out/>
</testsuite> <!-- org.qsp.testngDemo.Dataprovider_test -->
